  cylinder.cpp
C:\dev\Fiverr\CPP\COMPLETED\Sept\opengl\src\cylinder.cpp(464,26): warning C4244: 'initializing': conversion from 'double' to 'float', possible loss of data
C:\dev\Fiverr\CPP\COMPLETED\Sept\opengl\src\cylinder.cpp(464,20): warning C4244: 'initializing': conversion from 'double' to 'const float', possible loss of data
C:\dev\Fiverr\CPP\COMPLETED\Sept\opengl\src\cylinder.cpp(532,26): warning C4244: 'initializing': conversion from 'double' to 'float', possible loss of data
C:\dev\Fiverr\CPP\COMPLETED\Sept\opengl\src\cylinder.cpp(532,20): warning C4244: 'initializing': conversion from 'double' to 'const float', possible loss of data
  error.cpp
  Light.cpp
  main.cpp
C:\dev\Fiverr\CPP\COMPLETED\Sept\opengl\src\torus.h(24,40): warning C4267: 'return': conversion from 'size_t' to 'unsigned int', possible loss of data
C:\dev\Fiverr\CPP\COMPLETED\Sept\opengl\src\torus.h(27,39): warning C4267: 'return': conversion from 'size_t' to 'unsigned int', possible loss of data
C:\dev\Fiverr\CPP\COMPLETED\Sept\opengl\src\torus.h(30,35): warning C4267: 'return': conversion from 'size_t' to 'unsigned int', possible loss of data
C:\dev\Fiverr\CPP\COMPLETED\Sept\opengl\src\openglFunctions.h(271,33): warning C4244: 'argument': conversion from 'float' to 'int', possible loss of data
C:\dev\Fiverr\CPP\COMPLETED\Sept\opengl\src\openglFunctions.h(271,26): warning C4244: 'argument': conversion from 'float' to 'int', possible loss of data
C:\dev\Fiverr\CPP\COMPLETED\Sept\opengl\src\openglFunctions.h(277,9): warning C4101: 'vboId': unreferenced local variable
C:\dev\Fiverr\CPP\COMPLETED\Sept\opengl\src\openglFunctions.h(421,67): warning C4312: 'type cast': conversion from 'unsigned int' to 'const void *' of greater size
C:\dev\Fiverr\CPP\COMPLETED\Sept\opengl\src\openglFunctions.h(422,78): warning C4312: 'type cast': conversion from 'unsigned int' to 'const void *' of greater size
C:\dev\Fiverr\CPP\COMPLETED\Sept\opengl\src\openglFunctions.h(443,111): warning C4312: 'type cast': conversion from 'unsigned int' to 'const void *' of greater size
C:\dev\Fiverr\CPP\COMPLETED\Sept\opengl\src\openglFunctions.h(444,161): warning C4312: 'type cast': conversion from 'unsigned int' to 'const void *' of greater size
C:\dev\Fiverr\CPP\COMPLETED\Sept\opengl\src\openglFunctions.h(454,89): warning C4312: 'type cast': conversion from 'unsigned int' to 'const void *' of greater size
C:\dev\Fiverr\CPP\COMPLETED\Sept\opengl\src\openglFunctions.h(455,118): warning C4312: 'type cast': conversion from 'unsigned int' to 'const void *' of greater size
C:\dev\Fiverr\CPP\COMPLETED\Sept\opengl\src\main.cpp(49,11): warning C4244: '=': conversion from 'double' to 'float', possible loss of data
C:\dev\Fiverr\CPP\COMPLETED\Sept\opengl\src\main.cpp(50,11): warning C4244: '=': conversion from 'double' to 'float', possible loss of data
C:\dev\Fiverr\CPP\COMPLETED\Sept\opengl\src\main.cpp(54,16): warning C4244: 'initializing': conversion from 'double' to 'float', possible loss of data
C:\dev\Fiverr\CPP\COMPLETED\Sept\opengl\src\main.cpp(55,16): warning C4244: 'initializing': conversion from 'double' to 'float', possible loss of data
C:\dev\Fiverr\CPP\COMPLETED\Sept\opengl\src\main.cpp(57,10): warning C4244: '=': conversion from 'double' to 'float', possible loss of data
C:\dev\Fiverr\CPP\COMPLETED\Sept\opengl\src\main.cpp(58,10): warning C4244: '=': conversion from 'double' to 'float', possible loss of data
C:\dev\Fiverr\CPP\COMPLETED\Sept\opengl\src\main.cpp(256,29): warning C4244: '=': conversion from 'double' to 'float', possible loss of data
  buffers.cpp
  opengleShader.cpp
  opengltexture.cpp
  vertexAraay.cpp
C:\dev\Fiverr\CPP\COMPLETED\Sept\opengl\src\renderer\vertexAraay.cpp(73,3): warning C4267: 'argument': conversion from 'size_t' to 'GLuint', possible loss of data
C:\dev\Fiverr\CPP\COMPLETED\Sept\opengl\src\renderer\vertexAraay.cpp(74,3): warning C4267: 'argument': conversion from 'size_t' to 'GLuint', possible loss of data
C:\dev\Fiverr\CPP\COMPLETED\Sept\opengl\src\renderer\vertexAraay.cpp(86,3): warning C4312: 'type cast': conversion from 'int' to 'const void *' of greater size
C:\dev\Fiverr\CPP\COMPLETED\Sept\opengl\src\renderer\vertexAraay.cpp(99,19): warning C4267: '+=': conversion from 'size_t' to 'unsigned int', possible loss of data
  torus.cpp
C:\dev\Fiverr\CPP\COMPLETED\Sept\opengl\src\Torus.h(24,40): warning C4267: 'return': conversion from 'size_t' to 'unsigned int', possible loss of data
C:\dev\Fiverr\CPP\COMPLETED\Sept\opengl\src\Torus.h(27,39): warning C4267: 'return': conversion from 'size_t' to 'unsigned int', possible loss of data
C:\dev\Fiverr\CPP\COMPLETED\Sept\opengl\src\Torus.h(30,35): warning C4267: 'return': conversion from 'size_t' to 'unsigned int', possible loss of data
C:\dev\Fiverr\CPP\COMPLETED\Sept\opengl\src\torus.cpp(103,36): warning C4267: '=': conversion from 'size_t' to 'unsigned int', possible loss of data
  stb_image.cpp
  Generating Code...
glew32s.lib(glew.obj) : warning LNK4099: PDB '' was not found with 'glew32s.lib(glew.obj)' or at ''; linking object as if no debug info
GLFW.lib(init.obj) : warning LNK4099: PDB '' was not found with 'GLFW.lib(init.obj)' or at ''; linking object as if no debug info
GLFW.lib(window.obj) : warning LNK4099: PDB '' was not found with 'GLFW.lib(window.obj)' or at ''; linking object as if no debug info
GLFW.lib(input.obj) : warning LNK4099: PDB '' was not found with 'GLFW.lib(input.obj)' or at ''; linking object as if no debug info
GLFW.lib(context.obj) : warning LNK4099: PDB '' was not found with 'GLFW.lib(context.obj)' or at ''; linking object as if no debug info
GLFW.lib(win32_init.obj) : warning LNK4099: PDB '' was not found with 'GLFW.lib(win32_init.obj)' or at ''; linking object as if no debug info
GLFW.lib(win32_monitor.obj) : warning LNK4099: PDB '' was not found with 'GLFW.lib(win32_monitor.obj)' or at ''; linking object as if no debug info
GLFW.lib(win32_time.obj) : warning LNK4099: PDB '' was not found with 'GLFW.lib(win32_time.obj)' or at ''; linking object as if no debug info
GLFW.lib(win32_thread.obj) : warning LNK4099: PDB '' was not found with 'GLFW.lib(win32_thread.obj)' or at ''; linking object as if no debug info
GLFW.lib(monitor.obj) : warning LNK4099: PDB '' was not found with 'GLFW.lib(monitor.obj)' or at ''; linking object as if no debug info
GLFW.lib(vulkan.obj) : warning LNK4099: PDB '' was not found with 'GLFW.lib(vulkan.obj)' or at ''; linking object as if no debug info
GLFW.lib(win32_window.obj) : warning LNK4099: PDB '' was not found with 'GLFW.lib(win32_window.obj)' or at ''; linking object as if no debug info
GLFW.lib(win32_joystick.obj) : warning LNK4099: PDB '' was not found with 'GLFW.lib(win32_joystick.obj)' or at ''; linking object as if no debug info
GLFW.lib(wgl_context.obj) : warning LNK4099: PDB '' was not found with 'GLFW.lib(wgl_context.obj)' or at ''; linking object as if no debug info
GLFW.lib(egl_context.obj) : warning LNK4099: PDB '' was not found with 'GLFW.lib(egl_context.obj)' or at ''; linking object as if no debug info
GLFW.lib(osmesa_context.obj) : warning LNK4099: PDB '' was not found with 'GLFW.lib(osmesa_context.obj)' or at ''; linking object as if no debug info
LINK : warning LNK4098: defaultlib 'LIBCMTD' conflicts with use of other libs; use /NODEFAULTLIB:library
LINK : warning LNK4217: symbol '__glewGetUniformLocation' defined in 'glew32s.lib(glew.obj)' is imported by 'Light.obj' in function '"public: void __cdecl Light::render(struct glm::tvec3<float,0>,unsigned int,bool,bool)" (?render@Light@@QEAAXU?$tvec3@M$0A@@glm@@I_N1@Z)'
LINK : warning LNK4217: symbol '__glewGetUniformLocation' defined in 'glew32s.lib(glew.obj)' is imported by 'opengleShader.obj' in function '"void * __cdecl std::_Allocate_manually_vector_aligned<struct std::_Default_allocate_traits>(unsigned __int64)" (??$_Allocate_manually_vector_aligned@U_Default_allocate_traits@std@@@std@@YAPEAX_K@Z)'
LINK : warning LNK4217: symbol '__glewUniform1f' defined in 'glew32s.lib(glew.obj)' is imported by 'Light.obj' in function '"public: void __cdecl Light::render(struct glm::tvec3<float,0>,unsigned int,bool,bool)" (?render@Light@@QEAAXU?$tvec3@M$0A@@glm@@I_N1@Z)'
LINK : warning LNK4217: symbol '__glewUniform1f' defined in 'glew32s.lib(glew.obj)' is imported by 'opengleShader.obj' in function '"protected: void __cdecl std::_Hash<class std::_Umap_traits<class std::basic_string<char,struct std::char_traits<char>,class std::allocator<char> >,int,class std::_Uhash_compare<class std::basic_string<char,struct std::char_traits<char>,class std::allocator<char> >,struct std::hash<class std::basic_string<char,struct std::char_traits<char>,class std::allocator<char> > >,struct std::equal_to<class std::basic_string<char,struct std::char_traits<char>,class std::allocator<char> > > >,class std::allocator<struct std::pair<class std::basic_string<char,struct std::char_traits<char>,class std::allocator<char> > const ,int> >,0> >::_Check_max_size(void)const " (?_Check_max_size@?$_Hash@V?$_Umap_traits@V?$basic_string@DU?$char_traits@D@std@@V?$allocator@D@2@@std@@HV?$_Uhash_compare@V?$basic_string@DU?$char_traits@D@std@@V?$allocator@D@2@@std@@U?$hash@V?$basic_string@DU?$char_traits@D@std@@V?$allocator@D@2@@std@@@2@U?$equal_to@V?$basic_string@DU?$char_traits@D@std@@V?$allocator@D@2@@std@@@2@@2@V?$allocator@U?$pair@$$CBV?$basic_string@DU?$char_traits@D@std@@V?$allocator@D@2@@std@@H@std@@@2@$0A@@std@@@std@@IEBAXXZ)'
LINK : warning LNK4217: symbol '__glewUniform3fv' defined in 'glew32s.lib(glew.obj)' is imported by 'Light.obj' in function '"public: void __cdecl Light::render(struct glm::tvec3<float,0>,unsigned int,bool,bool)" (?render@Light@@QEAAXU?$tvec3@M$0A@@glm@@I_N1@Z)'
LINK : warning LNK4217: symbol '__glewUniform3fv' defined in 'glew32s.lib(glew.obj)' is imported by 'opengleShader.obj' in function '"public: static void __cdecl std::_String_val<struct std::_Simple_types<char> >::_Xran(void)" (?_Xran@?$_String_val@U?$_Simple_types@D@std@@@std@@SAXXZ)'
LINK : warning LNK4217: symbol '__glewUseProgram' defined in 'glew32s.lib(glew.obj)' is imported by 'Light.obj' in function '"public: void __cdecl Light::render(struct glm::tvec3<float,0>,unsigned int,bool,bool)" (?render@Light@@QEAAXU?$tvec3@M$0A@@glm@@I_N1@Z)'
LINK : warning LNK4217: symbol '__glewUseProgram' defined in 'glew32s.lib(glew.obj)' is imported by 'opengleShader.obj' in function '"void * __cdecl std::_Allocate<16,struct std::_Default_allocate_traits,0>(unsigned __int64)" (??$_Allocate@$0BA@U_Default_allocate_traits@std@@$0A@@std@@YAPEAX_K@Z)'
LINK : warning LNK4217: symbol '__glewBindBuffer' defined in 'glew32s.lib(glew.obj)' is imported by 'buffers.obj' in function '"public: __cdecl IndexBuffer::IndexBuffer(unsigned int *,unsigned int,unsigned int)" (??0IndexBuffer@@QEAA@PEAIII@Z)'
LINK : warning LNK4217: symbol '__glewBufferData' defined in 'glew32s.lib(glew.obj)' is imported by 'buffers.obj' in function '"public: __cdecl IndexBuffer::IndexBuffer(unsigned int *,unsigned int,unsigned int)" (??0IndexBuffer@@QEAA@PEAIII@Z)'
LINK : warning LNK4217: symbol '__glewBufferSubData' defined in 'glew32s.lib(glew.obj)' is imported by 'buffers.obj' in function '"public: void __cdecl vertexBuffer::updateBuffer(float *,unsigned __int64,int)" (?updateBuffer@vertexBuffer@@QEAAXPEAM_KH@Z)'
LINK : warning LNK4217: symbol '__glewDeleteBuffers' defined in 'glew32s.lib(glew.obj)' is imported by 'buffers.obj' in function '"public: __cdecl IndexBuffer::~IndexBuffer(void)" (??1IndexBuffer@@QEAA@XZ)'
LINK : warning LNK4217: symbol '__glewGenBuffers' defined in 'glew32s.lib(glew.obj)' is imported by 'buffers.obj' in function '"public: __cdecl IndexBuffer::IndexBuffer(unsigned int *,unsigned int,unsigned int)" (??0IndexBuffer@@QEAA@PEAIII@Z)'
LINK : warning LNK4217: symbol '__glewGetBufferParameteriv' defined in 'glew32s.lib(glew.obj)' is imported by 'buffers.obj' in function '"public: void __cdecl vertexBuffer::updateBuffer(float *,unsigned __int64,int)" (?updateBuffer@vertexBuffer@@QEAAXPEAM_KH@Z)'
LINK : warning LNK4217: symbol '__glewGetBufferSubData' defined in 'glew32s.lib(glew.obj)' is imported by 'buffers.obj' in function '"public: void __cdecl vertexBuffer::getData(unsigned int,unsigned int,unsigned int,void *)" (?getData@vertexBuffer@@QEAAXIIIPEAX@Z)'
LINK : warning LNK4217: symbol '__glewMapBuffer' defined in 'glew32s.lib(glew.obj)' is imported by 'buffers.obj' in function '"public: void __cdecl vertexBuffer::clearBuffer(void)" (?clearBuffer@vertexBuffer@@QEAAXXZ)'
LINK : warning LNK4217: symbol '__glewUnmapBuffer' defined in 'glew32s.lib(glew.obj)' is imported by 'buffers.obj' in function '"public: void __cdecl vertexBuffer::clearBuffer(void)" (?clearBuffer@vertexBuffer@@QEAAXXZ)'
LINK : warning LNK4217: symbol '__glewBindBufferBase' defined in 'glew32s.lib(glew.obj)' is imported by 'buffers.obj' in function '"public: void __cdecl vertexBuffer::bindBufferBase(unsigned int,unsigned int)" (?bindBufferBase@vertexBuffer@@QEAAXII@Z)'
LINK : warning LNK4217: symbol '__glewAttachShader' defined in 'glew32s.lib(glew.obj)' is imported by 'opengleShader.obj' in function '"private: unsigned int __cdecl openglShader::createShader(class std::basic_string<char,struct std::char_traits<char>,class std::allocator<char> > &,class std::basic_string<char,struct std::char_traits<char>,class std::allocator<char> > &,class std::basic_string<char,struct std::char_traits<char>,class std::allocator<char> > &,bool,char const *)" (?createShader@openglShader@@AEAAIAEAV?$basic_string@DU?$char_traits@D@std@@V?$allocator@D@2@@std@@00_NPEBD@Z)'
LINK : warning LNK4217: symbol '__glewCompileShader' defined in 'glew32s.lib(glew.obj)' is imported by 'opengleShader.obj' in function '"private: unsigned int __cdecl openglShader::compileShader(class std::basic_string<char,struct std::char_traits<char>,class std::allocator<char> > &,unsigned int)" (?compileShader@openglShader@@AEAAIAEAV?$basic_string@DU?$char_traits@D@std@@V?$allocator@D@2@@std@@I@Z)'
LINK : warning LNK4217: symbol '__glewCreateProgram' defined in 'glew32s.lib(glew.obj)' is imported by 'opengleShader.obj' in function '"private: unsigned int __cdecl openglShader::createShader(class std::basic_string<char,struct std::char_traits<char>,class std::allocator<char> > &,class std::basic_string<char,struct std::char_traits<char>,class std::allocator<char> > &,class std::basic_string<char,struct std::char_traits<char>,class std::allocator<char> > &,bool,char const *)" (?createShader@openglShader@@AEAAIAEAV?$basic_string@DU?$char_traits@D@std@@V?$allocator@D@2@@std@@00_NPEBD@Z)'
LINK : warning LNK4217: symbol '__glewCreateShader' defined in 'glew32s.lib(glew.obj)' is imported by 'opengleShader.obj' in function '"private: unsigned int __cdecl openglShader::compileShader(class std::basic_string<char,struct std::char_traits<char>,class std::allocator<char> > &,unsigned int)" (?compileShader@openglShader@@AEAAIAEAV?$basic_string@DU?$char_traits@D@std@@V?$allocator@D@2@@std@@I@Z)'
LINK : warning LNK4217: symbol '__glewDeleteShader' defined in 'glew32s.lib(glew.obj)' is imported by 'opengleShader.obj' in function '"private: unsigned int __cdecl openglShader::createShader(class std::basic_string<char,struct std::char_traits<char>,class std::allocator<char> > &,class std::basic_string<char,struct std::char_traits<char>,class std::allocator<char> > &,class std::basic_string<char,struct std::char_traits<char>,class std::allocator<char> > &,bool,char const *)" (?createShader@openglShader@@AEAAIAEAV?$basic_string@DU?$char_traits@D@std@@V?$allocator@D@2@@std@@00_NPEBD@Z)'
LINK : warning LNK4217: symbol '__glewDetachShader' defined in 'glew32s.lib(glew.obj)' is imported by 'opengleShader.obj' in function '"private: unsigned int __cdecl openglShader::createShader(class std::basic_string<char,struct std::char_traits<char>,class std::allocator<char> > &,class std::basic_string<char,struct std::char_traits<char>,class std::allocator<char> > &,class std::basic_string<char,struct std::char_traits<char>,class std::allocator<char> > &,bool,char const *)" (?createShader@openglShader@@AEAAIAEAV?$basic_string@DU?$char_traits@D@std@@V?$allocator@D@2@@std@@00_NPEBD@Z)'
LINK : warning LNK4217: symbol '__glewGetProgramInfoLog' defined in 'glew32s.lib(glew.obj)' is imported by 'opengleShader.obj' in function '"private: unsigned int __cdecl openglShader::createShader(class std::basic_string<char,struct std::char_traits<char>,class std::allocator<char> > &,class std::basic_string<char,struct std::char_traits<char>,class std::allocator<char> > &,class std::basic_string<char,struct std::char_traits<char>,class std::allocator<char> > &,bool,char const *)" (?createShader@openglShader@@AEAAIAEAV?$basic_string@DU?$char_traits@D@std@@V?$allocator@D@2@@std@@00_NPEBD@Z)'
LINK : warning LNK4217: symbol '__glewGetProgramiv' defined in 'glew32s.lib(glew.obj)' is imported by 'opengleShader.obj' in function '"private: unsigned int __cdecl openglShader::createShader(class std::basic_string<char,struct std::char_traits<char>,class std::allocator<char> > &,class std::basic_string<char,struct std::char_traits<char>,class std::allocator<char> > &,class std::basic_string<char,struct std::char_traits<char>,class std::allocator<char> > &,bool,char const *)" (?createShader@openglShader@@AEAAIAEAV?$basic_string@DU?$char_traits@D@std@@V?$allocator@D@2@@std@@00_NPEBD@Z)'
LINK : warning LNK4217: symbol '__glewGetShaderInfoLog' defined in 'glew32s.lib(glew.obj)' is imported by 'opengleShader.obj' in function '"private: unsigned int __cdecl openglShader::compileShader(class std::basic_string<char,struct std::char_traits<char>,class std::allocator<char> > &,unsigned int)" (?compileShader@openglShader@@AEAAIAEAV?$basic_string@DU?$char_traits@D@std@@V?$allocator@D@2@@std@@I@Z)'
LINK : warning LNK4217: symbol '__glewGetShaderiv' defined in 'glew32s.lib(glew.obj)' is imported by 'opengleShader.obj' in function '"private: unsigned int __cdecl openglShader::compileShader(class std::basic_string<char,struct std::char_traits<char>,class std::allocator<char> > &,unsigned int)" (?compileShader@openglShader@@AEAAIAEAV?$basic_string@DU?$char_traits@D@std@@V?$allocator@D@2@@std@@I@Z)'
LINK : warning LNK4217: symbol '__glewLinkProgram' defined in 'glew32s.lib(glew.obj)' is imported by 'opengleShader.obj' in function '"private: unsigned int __cdecl openglShader::createShader(class std::basic_string<char,struct std::char_traits<char>,class std::allocator<char> > &,class std::basic_string<char,struct std::char_traits<char>,class std::allocator<char> > &,class std::basic_string<char,struct std::char_traits<char>,class std::allocator<char> > &,bool,char const *)" (?createShader@openglShader@@AEAAIAEAV?$basic_string@DU?$char_traits@D@std@@V?$allocator@D@2@@std@@00_NPEBD@Z)'
LINK : warning LNK4217: symbol '__glewShaderSource' defined in 'glew32s.lib(glew.obj)' is imported by 'opengleShader.obj' in function '"private: unsigned int __cdecl openglShader::compileShader(class std::basic_string<char,struct std::char_traits<char>,class std::allocator<char> > &,unsigned int)" (?compileShader@openglShader@@AEAAIAEAV?$basic_string@DU?$char_traits@D@std@@V?$allocator@D@2@@std@@I@Z)'
LINK : warning LNK4217: symbol '__glewUniform1fv' defined in 'glew32s.lib(glew.obj)' is imported by 'opengleShader.obj' in function '"public: void __cdecl openglShader::setUniformFloat(char const *,float *,unsigned int)" (?setUniformFloat@openglShader@@QEAAXPEBDPEAMI@Z)'
LINK : warning LNK4217: symbol '__glewUniform1iv' defined in 'glew32s.lib(glew.obj)' is imported by 'opengleShader.obj' in function '"public: void __cdecl openglShader::setTextureSampler(char const *,int,unsigned int)" (?setTextureSampler@openglShader@@QEAAXPEBDHI@Z)'
LINK : warning LNK4217: symbol '__glewUniform4fv' defined in 'glew32s.lib(glew.obj)' is imported by 'opengleShader.obj' in function '"public: void __cdecl openglShader::setUniformVec4(char const *,struct glm::tvec4<float,0> const &,unsigned int)" (?setUniformVec4@openglShader@@QEAAXPEBDAEBU?$tvec4@M$0A@@glm@@I@Z)'
LINK : warning LNK4217: symbol '__glewUniformMatrix4fv' defined in 'glew32s.lib(glew.obj)' is imported by 'opengleShader.obj' in function '"public: void __cdecl openglShader::setUniformMat4(char const *,struct glm::tmat4x4<float,0> const &,unsigned int)" (?setUniformMat4@openglShader@@QEAAXPEBDAEBU?$tmat4x4@M$0A@@glm@@I@Z)'
LINK : warning LNK4217: symbol '__glewValidateProgram' defined in 'glew32s.lib(glew.obj)' is imported by 'opengleShader.obj' in function '"private: unsigned int __cdecl openglShader::createShader(class std::basic_string<char,struct std::char_traits<char>,class std::allocator<char> > &,class std::basic_string<char,struct std::char_traits<char>,class std::allocator<char> > &,class std::basic_string<char,struct std::char_traits<char>,class std::allocator<char> > &,bool,char const *)" (?createShader@openglShader@@AEAAIAEAV?$basic_string@DU?$char_traits@D@std@@V?$allocator@D@2@@std@@00_NPEBD@Z)'
LINK : warning LNK4217: symbol '__glewTransformFeedbackVaryings' defined in 'glew32s.lib(glew.obj)' is imported by 'opengleShader.obj' in function '"private: unsigned int __cdecl openglShader::createShader(class std::basic_string<char,struct std::char_traits<char>,class std::allocator<char> > &,class std::basic_string<char,struct std::char_traits<char>,class std::allocator<char> > &,class std::basic_string<char,struct std::char_traits<char>,class std::allocator<char> > &,bool,char const *)" (?createShader@openglShader@@AEAAIAEAV?$basic_string@DU?$char_traits@D@std@@V?$allocator@D@2@@std@@00_NPEBD@Z)'
LINK : warning LNK4217: symbol '__glewActiveTexture' defined in 'glew32s.lib(glew.obj)' is imported by 'opengltexture.obj' in function '"public: virtual void __cdecl _2DTex::bindTextureToSlot(unsigned int)" (?bindTextureToSlot@_2DTex@@UEAAXI@Z)'
LINK : warning LNK4217: symbol '__glewEnableVertexAttribArray' defined in 'glew32s.lib(glew.obj)' is imported by 'vertexAraay.obj' in function '"public: void __cdecl vertexArray::addBuffer(class BufferLayout &,class vertexBuffer &)" (?addBuffer@vertexArray@@QEAAXAEAVBufferLayout@@AEAVvertexBuffer@@@Z)'
LINK : warning LNK4217: symbol '__glewVertexAttribPointer' defined in 'glew32s.lib(glew.obj)' is imported by 'vertexAraay.obj' in function '"public: void __cdecl vertexArray::addBuffer(class BufferLayout &,class vertexBuffer &)" (?addBuffer@vertexArray@@QEAAXAEAVBufferLayout@@AEAVvertexBuffer@@@Z)'
LINK : warning LNK4217: symbol '__glewBindVertexArray' defined in 'glew32s.lib(glew.obj)' is imported by 'vertexAraay.obj' in function '"public: __cdecl vertexArray::vertexArray(bool)" (??0vertexArray@@QEAA@_N@Z)'
LINK : warning LNK4217: symbol '__glewDeleteVertexArrays' defined in 'glew32s.lib(glew.obj)' is imported by 'vertexAraay.obj' in function '"public: __cdecl vertexArray::~vertexArray(void)" (??1vertexArray@@QEAA@XZ)'
LINK : warning LNK4217: symbol '__glewGenVertexArrays' defined in 'glew32s.lib(glew.obj)' is imported by 'vertexAraay.obj' in function '"public: __cdecl vertexArray::vertexArray(bool)" (??0vertexArray@@QEAA@_N@Z)'
  opengl.vcxproj -> C:\dev\Fiverr\CPP\COMPLETED\Sept\opengl\bin\x64\Debug\opengl.exe
