c:\dev\fiverr\cpp\completed\sept\opengl\obj\x64\debug\vc143.pdb
c:\dev\fiverr\cpp\completed\sept\opengl\obj\x64\debug\vc143.idb
c:\dev\fiverr\cpp\completed\sept\opengl\obj\x64\debug\stb_image.obj
c:\dev\fiverr\cpp\completed\sept\opengl\obj\x64\debug\torus.obj
c:\dev\fiverr\cpp\completed\sept\opengl\obj\x64\debug\vertexaraay.obj
c:\dev\fiverr\cpp\completed\sept\opengl\obj\x64\debug\opengltexture.obj
c:\dev\fiverr\cpp\completed\sept\opengl\obj\x64\debug\opengleshader.obj
c:\dev\fiverr\cpp\completed\sept\opengl\obj\x64\debug\buffers.obj
c:\dev\fiverr\cpp\completed\sept\opengl\obj\x64\debug\noise_map.obj
c:\dev\fiverr\cpp\completed\sept\opengl\obj\x64\debug\main.obj
c:\dev\fiverr\cpp\completed\sept\opengl\obj\x64\debug\light.obj
c:\dev\fiverr\cpp\completed\sept\opengl\obj\x64\debug\events.obj
c:\dev\fiverr\cpp\completed\sept\opengl\obj\x64\debug\error.obj
c:\dev\fiverr\cpp\completed\sept\opengl\obj\x64\debug\cylinder.obj
c:\dev\fiverr\cpp\completed\sept\opengl\bin\x64\debug\opengl.pdb
c:\dev\fiverr\cpp\completed\sept\opengl\obj\x64\debug\opengl.vcxproj.filelistabsolute.txt
c:\dev\fiverr\cpp\completed\sept\opengl\obj\x64\debug\opengl.tlog\cl.command.1.tlog
c:\dev\fiverr\cpp\completed\sept\opengl\obj\x64\debug\opengl.tlog\cl.read.1.tlog
c:\dev\fiverr\cpp\completed\sept\opengl\obj\x64\debug\opengl.tlog\cl.write.1.tlog
c:\dev\fiverr\cpp\completed\sept\opengl\obj\x64\debug\opengl.tlog\link-cvtres.read.1.tlog
c:\dev\fiverr\cpp\completed\sept\opengl\obj\x64\debug\opengl.tlog\link-cvtres.write.1.tlog
c:\dev\fiverr\cpp\completed\sept\opengl\obj\x64\debug\opengl.tlog\link-rc.read.1.tlog
c:\dev\fiverr\cpp\completed\sept\opengl\obj\x64\debug\opengl.tlog\link-rc.write.1.tlog
c:\dev\fiverr\cpp\completed\sept\opengl\obj\x64\debug\opengl.tlog\link.16440-cvtres.read.1.tlog
c:\dev\fiverr\cpp\completed\sept\opengl\obj\x64\debug\opengl.tlog\link.16440-cvtres.write.1.tlog
c:\dev\fiverr\cpp\completed\sept\opengl\obj\x64\debug\opengl.tlog\link.16440-rc.read.1.tlog
c:\dev\fiverr\cpp\completed\sept\opengl\obj\x64\debug\opengl.tlog\link.16440-rc.write.1.tlog
c:\dev\fiverr\cpp\completed\sept\opengl\obj\x64\debug\opengl.tlog\link.16440.read.1.tlog
c:\dev\fiverr\cpp\completed\sept\opengl\obj\x64\debug\opengl.tlog\link.16440.read.2.tlog
c:\dev\fiverr\cpp\completed\sept\opengl\obj\x64\debug\opengl.tlog\link.16440.write.1.tlog
c:\dev\fiverr\cpp\completed\sept\opengl\obj\x64\debug\opengl.tlog\link.command.1.tlog
c:\dev\fiverr\cpp\completed\sept\opengl\obj\x64\debug\opengl.tlog\link.read.1.tlog
c:\dev\fiverr\cpp\completed\sept\opengl\obj\x64\debug\opengl.tlog\link.read.2.tlog
c:\dev\fiverr\cpp\completed\sept\opengl\obj\x64\debug\opengl.tlog\link.write.1.tlog
